<?xml version="1.0" encoding="UTF-8"?>
<!-- Generated by org.testng.reporters.JUnitReportReporter -->
<testsuite hostname="DESKTOP-181M6IU" failures="0" tests="1" name="scipts.Testcase1" time="14.023" errors="0" timestamp="2022-07-25T12:48:12 IST" skipped="0">
  <testcase classname="scipts.Testcase1" name="tc1" time="14.023"/>
  <system-out/>
</testsuite> <!-- scipts.Testcase1 -->
